<?xml version="1.0" encoding="UTF-8"?>
<testsuite xmlns:xsi="http://www.w3.org/2001/XMLSchema-instance" xsi:noNamespaceSchemaLocation="https://maven.apache.org/surefire/maven-surefire-plugin/xsd/surefire-test-report.xsd" name="com.lastminute.taxes.calculator.SalesResultTest" time="0.004" tests="2" errors="0" skipped="0" failures="0">
  <properties>
[...]
</properties>
  <testcase name="when_toString_Empty_SalesResult" classname="com.lastminute.taxes.calculator.SalesResultTest" time="0"/>
  <testcase name="when_toString" classname="com.lastminute.taxes.calculator.SalesResultTest" time="0"/>
</testsuite>